  pch.cpp
  CExpand.cpp
C:\Users\qwerty\Documents\UniversitySimulator\UniversitySimulator\University.h(169,46): warning C4244: 'argument': conversion from 'time_t' to 'unsigned int', possible loss of data
C:\Users\qwerty\Documents\UniversitySimulator\UniversitySimulator\University.h(253,43): warning C4244: 'return': conversion from 'double' to '__int64', possible loss of data
C:\Users\qwerty\Documents\UniversitySimulator\UniversitySimulator\University.h(285,79): warning C4244: '=': conversion from 'double' to 'int', possible loss of data
C:\Users\qwerty\Documents\UniversitySimulator\UniversitySimulator\University.h(376,21): warning C4018: '<': signed/unsigned mismatch
C:\Users\qwerty\Documents\UniversitySimulator\UniversitySimulator\University.h(394,21): warning C4018: '<': signed/unsigned mismatch
C:\Users\qwerty\Documents\UniversitySimulator\UniversitySimulator\University.h(560,13): warning C4244: 'argument': conversion from 'time_t' to 'unsigned int', possible loss of data
C:\Users\qwerty\Documents\UniversitySimulator\UniversitySimulator\University.h(570,17): warning C4244: '=': conversion from 'double' to '__int64', possible loss of data
C:\Users\qwerty\Documents\UniversitySimulator\UniversitySimulator\University.h(581,18): warning C4244: 'initializing': conversion from 'double' to '__int64', possible loss of data
C:\Users\qwerty\Documents\UniversitySimulator\UniversitySimulator\University.h(716,26): warning C4244: 'initializing': conversion from 'double' to '__int64', possible loss of data
C:\Users\qwerty\Documents\UniversitySimulator\UniversitySimulator\University.h(729,1): warning C4244: '*=': conversion from 'double' to '__int64', possible loss of data
C:\Users\qwerty\Documents\UniversitySimulator\UniversitySimulator\University.h(773,49): warning C4018: '<': signed/unsigned mismatch
C:\Users\qwerty\Documents\UniversitySimulator\UniversitySimulator\University.h(800,80): warning C4244: 'argument': conversion from 'double' to 'int', possible loss of data
C:\Users\qwerty\Documents\UniversitySimulator\UniversitySimulator\University.h(807,80): warning C4244: 'argument': conversion from 'double' to 'int', possible loss of data
C:\Users\qwerty\Documents\UniversitySimulator\UniversitySimulator\CExpand.cpp(51,17): warning C4244: 'initializing': conversion from 'double' to '__int64', possible loss of data
C:\Users\qwerty\Documents\UniversitySimulator\UniversitySimulator\CExpand.cpp(76,17): warning C4244: 'initializing': conversion from 'double' to '__int64', possible loss of data
C:\Users\qwerty\Documents\UniversitySimulator\UniversitySimulator\CExpand.cpp(84,17): warning C4244: 'initializing': conversion from 'double' to '__int64', possible loss of data
  CFinances.cpp
C:\Users\qwerty\Documents\UniversitySimulator\UniversitySimulator\University.h(169,46): warning C4244: 'argument': conversion from 'time_t' to 'unsigned int', possible loss of data
C:\Users\qwerty\Documents\UniversitySimulator\UniversitySimulator\University.h(253,43): warning C4244: 'return': conversion from 'double' to '__int64', possible loss of data
C:\Users\qwerty\Documents\UniversitySimulator\UniversitySimulator\University.h(285,79): warning C4244: '=': conversion from 'double' to 'int', possible loss of data
C:\Users\qwerty\Documents\UniversitySimulator\UniversitySimulator\University.h(376,21): warning C4018: '<': signed/unsigned mismatch
C:\Users\qwerty\Documents\UniversitySimulator\UniversitySimulator\University.h(394,21): warning C4018: '<': signed/unsigned mismatch
C:\Users\qwerty\Documents\UniversitySimulator\UniversitySimulator\University.h(560,13): warning C4244: 'argument': conversion from 'time_t' to 'unsigned int', possible loss of data
C:\Users\qwerty\Documents\UniversitySimulator\UniversitySimulator\University.h(570,17): warning C4244: '=': conversion from 'double' to '__int64', possible loss of data
C:\Users\qwerty\Documents\UniversitySimulator\UniversitySimulator\University.h(581,18): warning C4244: 'initializing': conversion from 'double' to '__int64', possible loss of data
C:\Users\qwerty\Documents\UniversitySimulator\UniversitySimulator\University.h(716,26): warning C4244: 'initializing': conversion from 'double' to '__int64', possible loss of data
C:\Users\qwerty\Documents\UniversitySimulator\UniversitySimulator\University.h(729,1): warning C4244: '*=': conversion from 'double' to '__int64', possible loss of data
C:\Users\qwerty\Documents\UniversitySimulator\UniversitySimulator\University.h(773,49): warning C4018: '<': signed/unsigned mismatch
C:\Users\qwerty\Documents\UniversitySimulator\UniversitySimulator\University.h(800,80): warning C4244: 'argument': conversion from 'double' to 'int', possible loss of data
C:\Users\qwerty\Documents\UniversitySimulator\UniversitySimulator\University.h(807,80): warning C4244: 'argument': conversion from 'double' to 'int', possible loss of data
  CHireStaff.cpp
C:\Users\qwerty\Documents\UniversitySimulator\UniversitySimulator\University.h(169,46): warning C4244: 'argument': conversion from 'time_t' to 'unsigned int', possible loss of data
C:\Users\qwerty\Documents\UniversitySimulator\UniversitySimulator\University.h(253,43): warning C4244: 'return': conversion from 'double' to '__int64', possible loss of data
C:\Users\qwerty\Documents\UniversitySimulator\UniversitySimulator\University.h(285,79): warning C4244: '=': conversion from 'double' to 'int', possible loss of data
C:\Users\qwerty\Documents\UniversitySimulator\UniversitySimulator\University.h(376,21): warning C4018: '<': signed/unsigned mismatch
C:\Users\qwerty\Documents\UniversitySimulator\UniversitySimulator\University.h(394,21): warning C4018: '<': signed/unsigned mismatch
C:\Users\qwerty\Documents\UniversitySimulator\UniversitySimulator\University.h(560,13): warning C4244: 'argument': conversion from 'time_t' to 'unsigned int', possible loss of data
C:\Users\qwerty\Documents\UniversitySimulator\UniversitySimulator\University.h(570,17): warning C4244: '=': conversion from 'double' to '__int64', possible loss of data
C:\Users\qwerty\Documents\UniversitySimulator\UniversitySimulator\University.h(581,18): warning C4244: 'initializing': conversion from 'double' to '__int64', possible loss of data
C:\Users\qwerty\Documents\UniversitySimulator\UniversitySimulator\University.h(716,26): warning C4244: 'initializing': conversion from 'double' to '__int64', possible loss of data
C:\Users\qwerty\Documents\UniversitySimulator\UniversitySimulator\University.h(729,1): warning C4244: '*=': conversion from 'double' to '__int64', possible loss of data
C:\Users\qwerty\Documents\UniversitySimulator\UniversitySimulator\University.h(773,49): warning C4018: '<': signed/unsigned mismatch
C:\Users\qwerty\Documents\UniversitySimulator\UniversitySimulator\University.h(800,80): warning C4244: 'argument': conversion from 'double' to 'int', possible loss of data
C:\Users\qwerty\Documents\UniversitySimulator\UniversitySimulator\University.h(807,80): warning C4244: 'argument': conversion from 'double' to 'int', possible loss of data
  UniversitySimulator.cpp
  UniversitySimulatorDlg.cpp
C:\Users\qwerty\Documents\UniversitySimulator\UniversitySimulator\University.h(169,46): warning C4244: 'argument': conversion from 'time_t' to 'unsigned int', possible loss of data
C:\Users\qwerty\Documents\UniversitySimulator\UniversitySimulator\University.h(253,43): warning C4244: 'return': conversion from 'double' to '__int64', possible loss of data
C:\Users\qwerty\Documents\UniversitySimulator\UniversitySimulator\University.h(285,79): warning C4244: '=': conversion from 'double' to 'int', possible loss of data
C:\Users\qwerty\Documents\UniversitySimulator\UniversitySimulator\University.h(376,21): warning C4018: '<': signed/unsigned mismatch
C:\Users\qwerty\Documents\UniversitySimulator\UniversitySimulator\University.h(394,21): warning C4018: '<': signed/unsigned mismatch
C:\Users\qwerty\Documents\UniversitySimulator\UniversitySimulator\University.h(560,13): warning C4244: 'argument': conversion from 'time_t' to 'unsigned int', possible loss of data
C:\Users\qwerty\Documents\UniversitySimulator\UniversitySimulator\University.h(570,17): warning C4244: '=': conversion from 'double' to '__int64', possible loss of data
C:\Users\qwerty\Documents\UniversitySimulator\UniversitySimulator\University.h(581,18): warning C4244: 'initializing': conversion from 'double' to '__int64', possible loss of data
C:\Users\qwerty\Documents\UniversitySimulator\UniversitySimulator\University.h(716,26): warning C4244: 'initializing': conversion from 'double' to '__int64', possible loss of data
C:\Users\qwerty\Documents\UniversitySimulator\UniversitySimulator\University.h(729,1): warning C4244: '*=': conversion from 'double' to '__int64', possible loss of data
C:\Users\qwerty\Documents\UniversitySimulator\UniversitySimulator\University.h(773,49): warning C4018: '<': signed/unsigned mismatch
C:\Users\qwerty\Documents\UniversitySimulator\UniversitySimulator\University.h(800,80): warning C4244: 'argument': conversion from 'double' to 'int', possible loss of data
C:\Users\qwerty\Documents\UniversitySimulator\UniversitySimulator\University.h(807,80): warning C4244: 'argument': conversion from 'double' to 'int', possible loss of data
  Generating code
  0 of 893 functions ( 0.0%) were compiled, the rest were copied from previous compilation.
    0 functions were new in current compilation
    0 functions had inline decision re-evaluated but remain unchanged
  Finished generating code
  UniversitySimulator.vcxproj -> C:\Users\qwerty\Documents\UniversitySimulator\Release\UniversitySimulator.exe
